matisse/build/outputs/logs/manifest-merger-debug-report.txt
-- Merging decision tree log ---
manifest
ADDED from src/main/AndroidManifest.xml:1:1-14:12
INJECTED from src/main/AndroidManifest.xml:1:1-14:12
INJECTED from src/main/AndroidManifest.xml:1:1-14:12
	package
		ADDED from src/main/AndroidManifest.xml:2:5-26
		INJECTED from src/main/AndroidManifest.xml
		INJECTED from src/main/AndroidManifest.xml
	xmlns:android
		ADDED from src/main/AndroidManifest.xml:1:11-69
uses-permission#android.permission.WRITE_EXTERNAL_STORAGE
ADDED from src/main/AndroidManifest.xml:4:5-81
	android:name
		ADDED from src/main/AndroidManifest.xml:4:22-78
uses-permission#android.permission.READ_EXTERNAL_STORAGE
ADDED from src/main/AndroidManifest.xml:5:5-80
	android:name
		ADDED from src/main/AndroidManifest.xml:5:22-77
uses-permission#android.permission.CAMERA
ADDED from src/main/AndroidManifest.xml:6:5-65
	android:name
		ADDED from src/main/AndroidManifest.xml:6:22-62
application
ADDED from src/main/AndroidManifest.xml:8:5-13:19
activity#com.matisse.ui.activity.ImageCropActivity
ADDED from src/main/AndroidManifest.xml:9:9-67
	android:name
		ADDED from src/main/AndroidManifest.xml:9:19-64
activity#com.matisse.ui.activity.SelectedPreviewActivity
ADDED from src/main/AndroidManifest.xml:10:9-73
	android:name
		ADDED from src/main/AndroidManifest.xml:10:19-70
activity#com.matisse.ui.activity.AlbumPreviewActivity
ADDED from src/main/AndroidManifest.xml:11:9-70
	android:name
		ADDED from src/main/AndroidManifest.xml:11:19-67
activity#com.matisse.ui.activity.matisse.MatisseActivity
ADDED from src/main/AndroidManifest.xml:12:9-73
	android:name
		ADDED from src/main/AndroidManifest.xml:12:19-70
uses-sdk
INJECTED from src/main/AndroidManifest.xml reason: use-sdk injection requested
INJECTED from src/main/AndroidManifest.xml
INJECTED from src/main/AndroidManifest.xml
INJECTED from src/main/AndroidManifest.xml
INJECTED from src/main/AndroidManifest.xml
	android:targetSdkVersion
		INJECTED from src/main/AndroidManifest.xml
		ADDED from src/main/AndroidManifest.xml
		INJECTED from src/main/AndroidManifest.xml
	android:minSdkVersion
		INJECTED from src/main/AndroidManifest.xml
		ADDED from src/main/AndroidManifest.xml
		INJECTED from src/main/AndroidManifest.xml